{"/Users/mtxit/Desktop/Full_Stack_Training/unit test/funtion.js": {"path":"/Users/mtxit/Desktop/Full_Stack_Training/unit test/funtion.js","statementMap":{"0":{"start":{"line":1,"column":17},"end":{"line":26,"column":1}},"1":{"start":{"line":3,"column":8},"end":{"line":3,"column":44}},"2":{"start":{"line":6,"column":19},"end":{"line":6,"column":28}},"3":{"start":{"line":9,"column":8},"end":{"line":9,"column":18}},"4":{"start":{"line":13,"column":21},"end":{"line":13,"column":28}},"5":{"start":{"line":14,"column":8},"end":{"line":14,"column":20}},"6":{"start":{"line":17,"column":8},"end":{"line":19,"column":10}},"7":{"start":{"line":18,"column":12},"end":{"line":18,"column":30}},"8":{"start":{"line":23,"column":8},"end":{"line":23,"column":73}},"9":{"start":{"line":28,"column":0},"end":{"line":28,"column":26}}},"fnMap":{"0":{"name":"(anonymous_0)","decl":{"start":{"line":2,"column":12},"end":{"line":2,"column":13}},"loc":{"start":{"line":2,"column":24},"end":{"line":4,"column":5}},"line":2},"1":{"name":"(anonymous_1)","decl":{"start":{"line":6,"column":13},"end":{"line":6,"column":14}},"loc":{"start":{"line":6,"column":19},"end":{"line":6,"column":28}},"line":6},"2":{"name":"(anonymous_2)","decl":{"start":{"line":8,"column":8},"end":{"line":8,"column":9}},"loc":{"start":{"line":8,"column":15},"end":{"line":10,"column":5}},"line":8},"3":{"name":"(anonymous_3)","decl":{"start":{"line":12,"column":15},"end":{"line":12,"column":16}},"loc":{"start":{"line":12,"column":19},"end":{"line":15,"column":5}},"line":12},"4":{"name":"(anonymous_4)","decl":{"start":{"line":16,"column":13},"end":{"line":16,"column":14}},"loc":{"start":{"line":16,"column":17},"end":{"line":20,"column":5}},"line":16},"5":{"name":"(anonymous_5)","decl":{"start":{"line":17,"column":27},"end":{"line":17,"column":28}},"loc":{"start":{"line":17,"column":45},"end":{"line":19,"column":9}},"line":17},"6":{"name":"(anonymous_6)","decl":{"start":{"line":22,"column":22},"end":{"line":22,"column":23}},"loc":{"start":{"line":22,"column":26},"end":{"line":24,"column":5}},"line":22}},"branchMap":{},"s":{"0":1,"1":1,"2":1,"3":1,"4":1,"5":1,"6":1,"7":1,"8":3,"9":1},"f":{"0":1,"1":1,"2":1,"3":1,"4":1,"5":1,"6":3},"b":{},"_coverageSchema":"1a1c01bbd47fc00a2c39e90264f33305004495a9","hash":"f4b64b751a8cfd5492320f9df4eaaee170c4c1e5"}
}
